

                      ************* ******** ***********   
                     ************* **********************  
                     ****     **** ****      ***********   
                     ******** ****  *******     ****       
                     *******  ****   *******   ****        
                     ****     ****       ****  ****        
                     ****     **** **********  ****        
                      ****     **** ********    ****       
                     FRONTIERS IN SIMULATION TECHNOLOGY    
                                                           
                        C.J. Mundy, S. Balasubramanian,    
                     Ken Bagchi, J. Hutter, Ari Seitsonen  
                      IFW Kuo, T. Laino, J. VandeVondele   
                                 Version 1.0               

                                                           

 EWALD|                                                                 not used
 GENERATE|  Preliminary Number of Bends generated:                             0
 GENERATE|  Number of Bends generated:                                         0
 GENERATE|  Number of UB generated:                                            0
 GENERATE|  Preliminary Number of Torsions generated:                          0
 GENERATE|  Number of Torsions generated:                                      0
 GENERATE|  Number of Impropers generated:                                     0
 GENERATE|  Number of 1-4 interactions generated:                              0
 CHARGE_INFO| Total Charge of the Classical System:                     0.000000
 
 FORCEFIELD| WARNING: A non Critical ForceField parameter is missing! CP2K GOES!
 FORCEFIELD| Non critical parameters are:Urey-Bradley,Torsions,Impropers, Opbends and 1-4
 FORCEFIELD| All missing parameters will not contribute to the potential energy!
 FORCEFIELD| Activate the print key FF_INFO to have a list of missing parameters
 
 SPLINE_INFO| Generating: 6 splines due to 3 different atomic kinds
 ...1
 ...2
 ...3
 ...4
 ...5
 ...6

 SPLINE_INFO| Number of unique splines computed:      1
 SPLINE_INFO| Done
 SPLINE_INFO| Generating: 6 splines due to 3 different atomic kinds
 ...1
 ...2
 ...3
 ...4
 ...5
 ...6

 SPLINE_INFO| Number of unique splines computed:      4
 SPLINE_INFO| Done
